CRITICAL - 2025-11-01 16:56:32 --> Error: Class "App\Controllers\BaseController" not found
[Method: GET, Route: api/stats/dashboard]
in APPPATH\Controllers\Stat\StatController.php on line 8.
 1 VENDORPATH\composer\ClassLoader.php(576): include()
 2 VENDORPATH\composer\ClassLoader.php(427): Composer\Autoload\{closure}('D:\\investissement\\Projet Invest\\backend\\vendor\\composer/../../app\\Controllers\\Stat\\StatController.php')
 3 [internal function]: Composer\Autoload\ClassLoader->loadClass('App\\Controllers\\Stat\\StatController')
 4 SYSTEMPATH\CodeIgniter.php(885): class_exists('\\App\\Controllers\\Stat\\StatController', true)
 5 SYSTEMPATH\CodeIgniter.php(494): CodeIgniter\CodeIgniter->startController()
 6 SYSTEMPATH\CodeIgniter.php(354): CodeIgniter\CodeIgniter->handleRequest(null, Object(Config\Cache), false)
 7 SYSTEMPATH\Boot.php(334): CodeIgniter\CodeIgniter->run()
 8 SYSTEMPATH\Boot.php(67): CodeIgniter\Boot::runCodeIgniter(Object(CodeIgniter\CodeIgniter))
 9 FCPATH\index.php(59): CodeIgniter\Boot::bootWeb(Object(Config\Paths))
10 SYSTEMPATH\rewrite.php(44): require_once('D:\\investissement\\Projet Invest\\backend\\public\\index.php')
CRITICAL - 2025-11-01 16:56:33 --> Error: Class "App\Controllers\BaseController" not found
[Method: GET, Route: api/stats/dashboard]
in APPPATH\Controllers\Stat\StatController.php on line 8.
 1 VENDORPATH\composer\ClassLoader.php(576): include()
 2 VENDORPATH\composer\ClassLoader.php(427): Composer\Autoload\{closure}('D:\\investissement\\Projet Invest\\backend\\vendor\\composer/../../app\\Controllers\\Stat\\StatController.php')
 3 [internal function]: Composer\Autoload\ClassLoader->loadClass('App\\Controllers\\Stat\\StatController')
 4 SYSTEMPATH\CodeIgniter.php(885): class_exists('\\App\\Controllers\\Stat\\StatController', true)
 5 SYSTEMPATH\CodeIgniter.php(494): CodeIgniter\CodeIgniter->startController()
 6 SYSTEMPATH\CodeIgniter.php(354): CodeIgniter\CodeIgniter->handleRequest(null, Object(Config\Cache), false)
 7 SYSTEMPATH\Boot.php(334): CodeIgniter\CodeIgniter->run()
 8 SYSTEMPATH\Boot.php(67): CodeIgniter\Boot::runCodeIgniter(Object(CodeIgniter\CodeIgniter))
 9 FCPATH\index.php(59): CodeIgniter\Boot::bootWeb(Object(Config\Paths))
10 SYSTEMPATH\rewrite.php(44): require_once('D:\\investissement\\Projet Invest\\backend\\public\\index.php')
CRITICAL - 2025-11-01 17:07:57 --> Error: Class "App\Controllers\BaseController" not found
[Method: GET, Route: api/stats/dashboard]
in APPPATH\Controllers\Stat\StatController.php on line 8.
 1 VENDORPATH\composer\ClassLoader.php(576): include()
 2 VENDORPATH\composer\ClassLoader.php(427): Composer\Autoload\{closure}('D:\\investissement\\Projet Invest\\backend\\vendor\\composer/../../app\\Controllers\\Stat\\StatController.php')
 3 [internal function]: Composer\Autoload\ClassLoader->loadClass('App\\Controllers\\Stat\\StatController')
 4 SYSTEMPATH\CodeIgniter.php(885): class_exists('\\App\\Controllers\\Stat\\StatController', true)
 5 SYSTEMPATH\CodeIgniter.php(494): CodeIgniter\CodeIgniter->startController()
 6 SYSTEMPATH\CodeIgniter.php(354): CodeIgniter\CodeIgniter->handleRequest(null, Object(Config\Cache), false)
 7 SYSTEMPATH\Boot.php(334): CodeIgniter\CodeIgniter->run()
 8 SYSTEMPATH\Boot.php(67): CodeIgniter\Boot::runCodeIgniter(Object(CodeIgniter\CodeIgniter))
 9 FCPATH\index.php(59): CodeIgniter\Boot::bootWeb(Object(Config\Paths))
10 SYSTEMPATH\rewrite.php(44): require_once('D:\\investissement\\Projet Invest\\backend\\public\\index.php')
CRITICAL - 2025-11-01 17:07:58 --> Error: Class "App\Controllers\BaseController" not found
[Method: GET, Route: api/stats/dashboard]
in APPPATH\Controllers\Stat\StatController.php on line 8.
 1 VENDORPATH\composer\ClassLoader.php(576): include()
 2 VENDORPATH\composer\ClassLoader.php(427): Composer\Autoload\{closure}('D:\\investissement\\Projet Invest\\backend\\vendor\\composer/../../app\\Controllers\\Stat\\StatController.php')
 3 [internal function]: Composer\Autoload\ClassLoader->loadClass('App\\Controllers\\Stat\\StatController')
 4 SYSTEMPATH\CodeIgniter.php(885): class_exists('\\App\\Controllers\\Stat\\StatController', true)
 5 SYSTEMPATH\CodeIgniter.php(494): CodeIgniter\CodeIgniter->startController()
 6 SYSTEMPATH\CodeIgniter.php(354): CodeIgniter\CodeIgniter->handleRequest(null, Object(Config\Cache), false)
 7 SYSTEMPATH\Boot.php(334): CodeIgniter\CodeIgniter->run()
 8 SYSTEMPATH\Boot.php(67): CodeIgniter\Boot::runCodeIgniter(Object(CodeIgniter\CodeIgniter))
 9 FCPATH\index.php(59): CodeIgniter\Boot::bootWeb(Object(Config\Paths))
10 SYSTEMPATH\rewrite.php(44): require_once('D:\\investissement\\Projet Invest\\backend\\public\\index.php')
