CRITICAL - 2025-07-27 09:21:09 --> ErrorException: Undefined property: CodeIgniter\HTTP\IncomingRequest::$user_id
[Method: GET, Route: api/investments/list]
in APPPATH\Controllers\Users\InvestmentController.php on line 11.
 1 APPPATH\Controllers\Users\InvestmentController.php(11): CodeIgniter\Debug\Exceptions->errorHandler(2, 'Undefined property: CodeIgniter\\HTTP\\IncomingRequest::$user_id', 'D:\\investissement\\Projet Invest\\backend\\app\\Controllers\\Users\\InvestmentController.php', 11)
 2 SYSTEMPATH\CodeIgniter.php(933): App\Controllers\Users\InvestmentController->index()
 3 SYSTEMPATH\CodeIgniter.php(507): CodeIgniter\CodeIgniter->runController(Object(App\Controllers\Users\InvestmentController))
 4 SYSTEMPATH\CodeIgniter.php(354): CodeIgniter\CodeIgniter->handleRequest(null, Object(Config\Cache), false)
 5 SYSTEMPATH\Boot.php(334): CodeIgniter\CodeIgniter->run()
 6 SYSTEMPATH\Boot.php(67): CodeIgniter\Boot::runCodeIgniter(Object(CodeIgniter\CodeIgniter))
 7 FCPATH\index.php(59): CodeIgniter\Boot::bootWeb(Object(Config\Paths))
 8 SYSTEMPATH\rewrite.php(44): require_once('D:\\investissement\\Projet Invest\\backend\\public\\index.php')
CRITICAL - 2025-07-27 09:21:53 --> ErrorException: Undefined property: CodeIgniter\HTTP\IncomingRequest::$user_id
[Method: GET, Route: api/investments/list]
in APPPATH\Controllers\Users\InvestmentController.php on line 11.
 1 APPPATH\Controllers\Users\InvestmentController.php(11): CodeIgniter\Debug\Exceptions->errorHandler(2, 'Undefined property: CodeIgniter\\HTTP\\IncomingRequest::$user_id', 'D:\\investissement\\Projet Invest\\backend\\app\\Controllers\\Users\\InvestmentController.php', 11)
 2 SYSTEMPATH\CodeIgniter.php(933): App\Controllers\Users\InvestmentController->index()
 3 SYSTEMPATH\CodeIgniter.php(507): CodeIgniter\CodeIgniter->runController(Object(App\Controllers\Users\InvestmentController))
 4 SYSTEMPATH\CodeIgniter.php(354): CodeIgniter\CodeIgniter->handleRequest(null, Object(Config\Cache), false)
 5 SYSTEMPATH\Boot.php(334): CodeIgniter\CodeIgniter->run()
 6 SYSTEMPATH\Boot.php(67): CodeIgniter\Boot::runCodeIgniter(Object(CodeIgniter\CodeIgniter))
 7 FCPATH\index.php(59): CodeIgniter\Boot::bootWeb(Object(Config\Paths))
 8 SYSTEMPATH\rewrite.php(44): require_once('D:\\investissement\\Projet Invest\\backend\\public\\index.php')
CRITICAL - 2025-07-27 09:27:25 --> ErrorException: Undefined property: CodeIgniter\HTTP\IncomingRequest::$user_id
[Method: GET, Route: api/investments/list]
in APPPATH\Controllers\Users\InvestmentController.php on line 11.
 1 APPPATH\Controllers\Users\InvestmentController.php(11): CodeIgniter\Debug\Exceptions->errorHandler(2, 'Undefined property: CodeIgniter\\HTTP\\IncomingRequest::$user_id', 'D:\\investissement\\Projet Invest\\backend\\app\\Controllers\\Users\\InvestmentController.php', 11)
 2 SYSTEMPATH\CodeIgniter.php(933): App\Controllers\Users\InvestmentController->index()
 3 SYSTEMPATH\CodeIgniter.php(507): CodeIgniter\CodeIgniter->runController(Object(App\Controllers\Users\InvestmentController))
 4 SYSTEMPATH\CodeIgniter.php(354): CodeIgniter\CodeIgniter->handleRequest(null, Object(Config\Cache), false)
 5 SYSTEMPATH\Boot.php(334): CodeIgniter\CodeIgniter->run()
 6 SYSTEMPATH\Boot.php(67): CodeIgniter\Boot::runCodeIgniter(Object(CodeIgniter\CodeIgniter))
 7 FCPATH\index.php(59): CodeIgniter\Boot::bootWeb(Object(Config\Paths))
 8 SYSTEMPATH\rewrite.php(44): require_once('D:\\investissement\\Projet Invest\\backend\\public\\index.php')
CRITICAL - 2025-07-27 09:27:44 --> ErrorException: Undefined property: CodeIgniter\HTTP\IncomingRequest::$user_id
[Method: GET, Route: api/investments/list]
in APPPATH\Controllers\Users\InvestmentController.php on line 11.
 1 APPPATH\Controllers\Users\InvestmentController.php(11): CodeIgniter\Debug\Exceptions->errorHandler(2, 'Undefined property: CodeIgniter\\HTTP\\IncomingRequest::$user_id', 'D:\\investissement\\Projet Invest\\backend\\app\\Controllers\\Users\\InvestmentController.php', 11)
 2 SYSTEMPATH\CodeIgniter.php(933): App\Controllers\Users\InvestmentController->index()
 3 SYSTEMPATH\CodeIgniter.php(507): CodeIgniter\CodeIgniter->runController(Object(App\Controllers\Users\InvestmentController))
 4 SYSTEMPATH\CodeIgniter.php(354): CodeIgniter\CodeIgniter->handleRequest(null, Object(Config\Cache), false)
 5 SYSTEMPATH\Boot.php(334): CodeIgniter\CodeIgniter->run()
 6 SYSTEMPATH\Boot.php(67): CodeIgniter\Boot::runCodeIgniter(Object(CodeIgniter\CodeIgniter))
 7 FCPATH\index.php(59): CodeIgniter\Boot::bootWeb(Object(Config\Paths))
 8 SYSTEMPATH\rewrite.php(44): require_once('D:\\investissement\\Projet Invest\\backend\\public\\index.php')
CRITICAL - 2025-07-27 09:28:21 --> ErrorException: Undefined property: CodeIgniter\HTTP\IncomingRequest::$user_id
[Method: GET, Route: api/investments/list]
in APPPATH\Controllers\Users\InvestmentController.php on line 11.
 1 APPPATH\Controllers\Users\InvestmentController.php(11): CodeIgniter\Debug\Exceptions->errorHandler(2, 'Undefined property: CodeIgniter\\HTTP\\IncomingRequest::$user_id', 'D:\\investissement\\Projet Invest\\backend\\app\\Controllers\\Users\\InvestmentController.php', 11)
 2 SYSTEMPATH\CodeIgniter.php(933): App\Controllers\Users\InvestmentController->index()
 3 SYSTEMPATH\CodeIgniter.php(507): CodeIgniter\CodeIgniter->runController(Object(App\Controllers\Users\InvestmentController))
 4 SYSTEMPATH\CodeIgniter.php(354): CodeIgniter\CodeIgniter->handleRequest(null, Object(Config\Cache), false)
 5 SYSTEMPATH\Boot.php(334): CodeIgniter\CodeIgniter->run()
 6 SYSTEMPATH\Boot.php(67): CodeIgniter\Boot::runCodeIgniter(Object(CodeIgniter\CodeIgniter))
 7 FCPATH\index.php(59): CodeIgniter\Boot::bootWeb(Object(Config\Paths))
 8 SYSTEMPATH\rewrite.php(44): require_once('D:\\investissement\\Projet Invest\\backend\\public\\index.php')
CRITICAL - 2025-07-27 13:48:34 --> ErrorException: Undefined array key "userId"
[Method: POST, Route: api/users/login]
in APPPATH\Controllers\Users\AuthController.php on line 47.
 1 APPPATH\Controllers\Users\AuthController.php(47): CodeIgniter\Debug\Exceptions->errorHandler(2, 'Undefined array key "userId"', 'D:\\investissement\\Projet Invest\\backend\\app\\Controllers\\Users\\AuthController.php', 47)
 2 SYSTEMPATH\CodeIgniter.php(933): App\Controllers\Users\AuthController->login()
 3 SYSTEMPATH\CodeIgniter.php(507): CodeIgniter\CodeIgniter->runController(Object(App\Controllers\Users\AuthController))
 4 SYSTEMPATH\CodeIgniter.php(354): CodeIgniter\CodeIgniter->handleRequest(null, Object(Config\Cache), false)
 5 SYSTEMPATH\Boot.php(334): CodeIgniter\CodeIgniter->run()
 6 SYSTEMPATH\Boot.php(67): CodeIgniter\Boot::runCodeIgniter(Object(CodeIgniter\CodeIgniter))
 7 FCPATH\index.php(59): CodeIgniter\Boot::bootWeb(Object(Config\Paths))
 8 SYSTEMPATH\rewrite.php(44): require_once('D:\\investissement\\Projet Invest\\backend\\public\\index.php')
DEBUG - 2025-07-27 14:46:04 --> Email reçu: test@gmail.com
DEBUG - 2025-07-27 14:46:10 --> Email reçu: test@gmail.com
DEBUG - 2025-07-27 14:46:45 --> Email reçu: test@gmail.com
DEBUG - 2025-07-27 14:47:27 --> Email reçu: test@gmail.com
DEBUG - 2025-07-27 14:47:33 --> Email reçu: test@gmail.com
DEBUG - 2025-07-27 14:49:39 --> Email reçu: test@gmail.com
CRITICAL - 2025-07-27 14:56:35 --> ErrorException: Undefined property: CodeIgniter\HTTP\IncomingRequest::$user_id
[Method: GET, Route: api/investments/list]
in APPPATH\Controllers\Users\InvestmentController.php on line 11.
 1 APPPATH\Controllers\Users\InvestmentController.php(11): CodeIgniter\Debug\Exceptions->errorHandler(2, 'Undefined property: CodeIgniter\\HTTP\\IncomingRequest::$user_id', 'D:\\investissement\\Projet Invest\\backend\\app\\Controllers\\Users\\InvestmentController.php', 11)
 2 SYSTEMPATH\CodeIgniter.php(933): App\Controllers\Users\InvestmentController->index()
 3 SYSTEMPATH\CodeIgniter.php(507): CodeIgniter\CodeIgniter->runController(Object(App\Controllers\Users\InvestmentController))
 4 SYSTEMPATH\CodeIgniter.php(354): CodeIgniter\CodeIgniter->handleRequest(null, Object(Config\Cache), false)
 5 SYSTEMPATH\Boot.php(334): CodeIgniter\CodeIgniter->run()
 6 SYSTEMPATH\Boot.php(67): CodeIgniter\Boot::runCodeIgniter(Object(CodeIgniter\CodeIgniter))
 7 FCPATH\index.php(59): CodeIgniter\Boot::bootWeb(Object(Config\Paths))
 8 SYSTEMPATH\rewrite.php(44): require_once('D:\\investissement\\Projet Invest\\backend\\public\\index.php')
CRITICAL - 2025-07-27 15:36:39 --> ErrorException: Undefined property: CodeIgniter\HTTP\IncomingRequest::$user_id
[Method: GET, Route: api/investments/list]
in APPPATH\Controllers\Users\InvestmentController.php on line 11.
 1 APPPATH\Controllers\Users\InvestmentController.php(11): CodeIgniter\Debug\Exceptions->errorHandler(2, 'Undefined property: CodeIgniter\\HTTP\\IncomingRequest::$user_id', 'D:\\investissement\\Projet Invest\\backend\\app\\Controllers\\Users\\InvestmentController.php', 11)
 2 SYSTEMPATH\CodeIgniter.php(933): App\Controllers\Users\InvestmentController->index()
 3 SYSTEMPATH\CodeIgniter.php(507): CodeIgniter\CodeIgniter->runController(Object(App\Controllers\Users\InvestmentController))
 4 SYSTEMPATH\CodeIgniter.php(354): CodeIgniter\CodeIgniter->handleRequest(null, Object(Config\Cache), false)
 5 SYSTEMPATH\Boot.php(334): CodeIgniter\CodeIgniter->run()
 6 SYSTEMPATH\Boot.php(67): CodeIgniter\Boot::runCodeIgniter(Object(CodeIgniter\CodeIgniter))
 7 FCPATH\index.php(59): CodeIgniter\Boot::bootWeb(Object(Config\Paths))
 8 SYSTEMPATH\rewrite.php(44): require_once('D:\\investissement\\Projet Invest\\backend\\public\\index.php')
WARNING - 2025-07-27 15:36:39 --> [DEPRECATED] Creation of dynamic property CodeIgniter\HTTP\IncomingRequest::$user_id is deprecated in APPPATH\Filters\JwtAuth.php on line 27.
 1 SYSTEMPATH\Filters\Filters.php(241): App\Filters\JwtAuth->before(Object(CodeIgniter\HTTP\IncomingRequest), null)
 2 SYSTEMPATH\Filters\Filters.php(221): CodeIgniter\Filters\Filters->runBefore([...])
 3 SYSTEMPATH\CodeIgniter.php(479): CodeIgniter\Filters\Filters->run('api/wallets/show', 'before')
 4 SYSTEMPATH\CodeIgniter.php(354): CodeIgniter\CodeIgniter->handleRequest(null, Object(Config\Cache), false)
 5 SYSTEMPATH\Boot.php(334): CodeIgniter\CodeIgniter->run()
 6 SYSTEMPATH\Boot.php(67): CodeIgniter\Boot::runCodeIgniter(Object(CodeIgniter\CodeIgniter))
 7 FCPATH\index.php(59): CodeIgniter\Boot::bootWeb(Object(Config\Paths))
 8 SYSTEMPATH\rewrite.php(44): require_once('D:\\investissement\\Projet Invest\\backend\\public\\index.php')
CRITICAL - 2025-07-27 15:38:01 --> ErrorException: Undefined property: CodeIgniter\HTTP\IncomingRequest::$user_id
[Method: GET, Route: api/investments/list]
in APPPATH\Controllers\Users\InvestmentController.php on line 11.
 1 APPPATH\Controllers\Users\InvestmentController.php(11): CodeIgniter\Debug\Exceptions->errorHandler(2, 'Undefined property: CodeIgniter\\HTTP\\IncomingRequest::$user_id', 'D:\\investissement\\Projet Invest\\backend\\app\\Controllers\\Users\\InvestmentController.php', 11)
 2 SYSTEMPATH\CodeIgniter.php(933): App\Controllers\Users\InvestmentController->index()
 3 SYSTEMPATH\CodeIgniter.php(507): CodeIgniter\CodeIgniter->runController(Object(App\Controllers\Users\InvestmentController))
 4 SYSTEMPATH\CodeIgniter.php(354): CodeIgniter\CodeIgniter->handleRequest(null, Object(Config\Cache), false)
 5 SYSTEMPATH\Boot.php(334): CodeIgniter\CodeIgniter->run()
 6 SYSTEMPATH\Boot.php(67): CodeIgniter\Boot::runCodeIgniter(Object(CodeIgniter\CodeIgniter))
 7 FCPATH\index.php(59): CodeIgniter\Boot::bootWeb(Object(Config\Paths))
 8 SYSTEMPATH\rewrite.php(44): require_once('D:\\investissement\\Projet Invest\\backend\\public\\index.php')
WARNING - 2025-07-27 15:38:01 --> [DEPRECATED] Creation of dynamic property CodeIgniter\HTTP\IncomingRequest::$user_id is deprecated in APPPATH\Filters\JwtAuth.php on line 27.
 1 SYSTEMPATH\Filters\Filters.php(241): App\Filters\JwtAuth->before(Object(CodeIgniter\HTTP\IncomingRequest), null)
 2 SYSTEMPATH\Filters\Filters.php(221): CodeIgniter\Filters\Filters->runBefore([...])
 3 SYSTEMPATH\CodeIgniter.php(479): CodeIgniter\Filters\Filters->run('api/wallets/show', 'before')
 4 SYSTEMPATH\CodeIgniter.php(354): CodeIgniter\CodeIgniter->handleRequest(null, Object(Config\Cache), false)
 5 SYSTEMPATH\Boot.php(334): CodeIgniter\CodeIgniter->run()
 6 SYSTEMPATH\Boot.php(67): CodeIgniter\Boot::runCodeIgniter(Object(CodeIgniter\CodeIgniter))
 7 FCPATH\index.php(59): CodeIgniter\Boot::bootWeb(Object(Config\Paths))
 8 SYSTEMPATH\rewrite.php(44): require_once('D:\\investissement\\Projet Invest\\backend\\public\\index.php')
CRITICAL - 2025-07-27 15:40:41 --> ErrorException: Undefined property: CodeIgniter\HTTP\IncomingRequest::$user_id
[Method: GET, Route: api/investments/list]
in APPPATH\Controllers\Users\InvestmentController.php on line 11.
 1 APPPATH\Controllers\Users\InvestmentController.php(11): CodeIgniter\Debug\Exceptions->errorHandler(2, 'Undefined property: CodeIgniter\\HTTP\\IncomingRequest::$user_id', 'D:\\investissement\\Projet Invest\\backend\\app\\Controllers\\Users\\InvestmentController.php', 11)
 2 SYSTEMPATH\CodeIgniter.php(933): App\Controllers\Users\InvestmentController->index()
 3 SYSTEMPATH\CodeIgniter.php(507): CodeIgniter\CodeIgniter->runController(Object(App\Controllers\Users\InvestmentController))
 4 SYSTEMPATH\CodeIgniter.php(354): CodeIgniter\CodeIgniter->handleRequest(null, Object(Config\Cache), false)
 5 SYSTEMPATH\Boot.php(334): CodeIgniter\CodeIgniter->run()
 6 SYSTEMPATH\Boot.php(67): CodeIgniter\Boot::runCodeIgniter(Object(CodeIgniter\CodeIgniter))
 7 FCPATH\index.php(59): CodeIgniter\Boot::bootWeb(Object(Config\Paths))
 8 SYSTEMPATH\rewrite.php(44): require_once('D:\\investissement\\Projet Invest\\backend\\public\\index.php')
CRITICAL - 2025-07-27 15:43:53 --> ErrorException: Undefined property: CodeIgniter\HTTP\IncomingRequest::$user_id
[Method: GET, Route: api/investments/list]
in APPPATH\Controllers\Users\InvestmentController.php on line 11.
 1 APPPATH\Controllers\Users\InvestmentController.php(11): CodeIgniter\Debug\Exceptions->errorHandler(2, 'Undefined property: CodeIgniter\\HTTP\\IncomingRequest::$user_id', 'D:\\investissement\\Projet Invest\\backend\\app\\Controllers\\Users\\InvestmentController.php', 11)
 2 SYSTEMPATH\CodeIgniter.php(933): App\Controllers\Users\InvestmentController->index()
 3 SYSTEMPATH\CodeIgniter.php(507): CodeIgniter\CodeIgniter->runController(Object(App\Controllers\Users\InvestmentController))
 4 SYSTEMPATH\CodeIgniter.php(354): CodeIgniter\CodeIgniter->handleRequest(null, Object(Config\Cache), false)
 5 SYSTEMPATH\Boot.php(334): CodeIgniter\CodeIgniter->run()
 6 SYSTEMPATH\Boot.php(67): CodeIgniter\Boot::runCodeIgniter(Object(CodeIgniter\CodeIgniter))
 7 FCPATH\index.php(59): CodeIgniter\Boot::bootWeb(Object(Config\Paths))
 8 SYSTEMPATH\rewrite.php(44): require_once('D:\\investissement\\Projet Invest\\backend\\public\\index.php')
CRITICAL - 2025-07-27 15:45:24 --> ErrorException: Undefined property: CodeIgniter\HTTP\IncomingRequest::$user_id
[Method: GET, Route: api/investments/list]
in APPPATH\Controllers\Users\InvestmentController.php on line 11.
 1 APPPATH\Controllers\Users\InvestmentController.php(11): CodeIgniter\Debug\Exceptions->errorHandler(2, 'Undefined property: CodeIgniter\\HTTP\\IncomingRequest::$user_id', 'D:\\investissement\\Projet Invest\\backend\\app\\Controllers\\Users\\InvestmentController.php', 11)
 2 SYSTEMPATH\CodeIgniter.php(933): App\Controllers\Users\InvestmentController->index()
 3 SYSTEMPATH\CodeIgniter.php(507): CodeIgniter\CodeIgniter->runController(Object(App\Controllers\Users\InvestmentController))
 4 SYSTEMPATH\CodeIgniter.php(354): CodeIgniter\CodeIgniter->handleRequest(null, Object(Config\Cache), false)
 5 SYSTEMPATH\Boot.php(334): CodeIgniter\CodeIgniter->run()
 6 SYSTEMPATH\Boot.php(67): CodeIgniter\Boot::runCodeIgniter(Object(CodeIgniter\CodeIgniter))
 7 FCPATH\index.php(59): CodeIgniter\Boot::bootWeb(Object(Config\Paths))
 8 SYSTEMPATH\rewrite.php(44): require_once('D:\\investissement\\Projet Invest\\backend\\public\\index.php')
CRITICAL - 2025-07-27 15:53:38 --> ErrorException: Undefined property: CodeIgniter\HTTP\IncomingRequest::$user_id
[Method: GET, Route: api/investments/list]
in APPPATH\Controllers\Users\InvestmentController.php on line 11.
 1 APPPATH\Controllers\Users\InvestmentController.php(11): CodeIgniter\Debug\Exceptions->errorHandler(2, 'Undefined property: CodeIgniter\\HTTP\\IncomingRequest::$user_id', 'D:\\investissement\\Projet Invest\\backend\\app\\Controllers\\Users\\InvestmentController.php', 11)
 2 SYSTEMPATH\CodeIgniter.php(933): App\Controllers\Users\InvestmentController->index()
 3 SYSTEMPATH\CodeIgniter.php(507): CodeIgniter\CodeIgniter->runController(Object(App\Controllers\Users\InvestmentController))
 4 SYSTEMPATH\CodeIgniter.php(354): CodeIgniter\CodeIgniter->handleRequest(null, Object(Config\Cache), false)
 5 SYSTEMPATH\Boot.php(334): CodeIgniter\CodeIgniter->run()
 6 SYSTEMPATH\Boot.php(67): CodeIgniter\Boot::runCodeIgniter(Object(CodeIgniter\CodeIgniter))
 7 FCPATH\index.php(59): CodeIgniter\Boot::bootWeb(Object(Config\Paths))
 8 SYSTEMPATH\rewrite.php(44): require_once('D:\\investissement\\Projet Invest\\backend\\public\\index.php')
CRITICAL - 2025-07-27 16:06:44 --> ErrorException: Undefined property: CodeIgniter\HTTP\IncomingRequest::$user_id
[Method: GET, Route: api/investments/list]
in APPPATH\Controllers\Users\InvestmentController.php on line 11.
 1 APPPATH\Controllers\Users\InvestmentController.php(11): CodeIgniter\Debug\Exceptions->errorHandler(2, 'Undefined property: CodeIgniter\\HTTP\\IncomingRequest::$user_id', 'D:\\investissement\\Projet Invest\\backend\\app\\Controllers\\Users\\InvestmentController.php', 11)
 2 SYSTEMPATH\CodeIgniter.php(933): App\Controllers\Users\InvestmentController->index()
 3 SYSTEMPATH\CodeIgniter.php(507): CodeIgniter\CodeIgniter->runController(Object(App\Controllers\Users\InvestmentController))
 4 SYSTEMPATH\CodeIgniter.php(354): CodeIgniter\CodeIgniter->handleRequest(null, Object(Config\Cache), false)
 5 SYSTEMPATH\Boot.php(334): CodeIgniter\CodeIgniter->run()
 6 SYSTEMPATH\Boot.php(67): CodeIgniter\Boot::runCodeIgniter(Object(CodeIgniter\CodeIgniter))
 7 FCPATH\index.php(59): CodeIgniter\Boot::bootWeb(Object(Config\Paths))
 8 SYSTEMPATH\rewrite.php(44): require_once('D:\\investissement\\Projet Invest\\backend\\public\\index.php')
CRITICAL - 2025-07-27 16:18:49 --> ErrorException: Undefined property: CodeIgniter\HTTP\IncomingRequest::$user_id
[Method: GET, Route: api/investments/list]
in APPPATH\Controllers\Users\InvestmentController.php on line 11.
 1 APPPATH\Controllers\Users\InvestmentController.php(11): CodeIgniter\Debug\Exceptions->errorHandler(2, 'Undefined property: CodeIgniter\\HTTP\\IncomingRequest::$user_id', 'D:\\investissement\\Projet Invest\\backend\\app\\Controllers\\Users\\InvestmentController.php', 11)
 2 SYSTEMPATH\CodeIgniter.php(933): App\Controllers\Users\InvestmentController->index()
 3 SYSTEMPATH\CodeIgniter.php(507): CodeIgniter\CodeIgniter->runController(Object(App\Controllers\Users\InvestmentController))
 4 SYSTEMPATH\CodeIgniter.php(354): CodeIgniter\CodeIgniter->handleRequest(null, Object(Config\Cache), false)
 5 SYSTEMPATH\Boot.php(334): CodeIgniter\CodeIgniter->run()
 6 SYSTEMPATH\Boot.php(67): CodeIgniter\Boot::runCodeIgniter(Object(CodeIgniter\CodeIgniter))
 7 FCPATH\index.php(59): CodeIgniter\Boot::bootWeb(Object(Config\Paths))
 8 SYSTEMPATH\rewrite.php(44): require_once('D:\\investissement\\Projet Invest\\backend\\public\\index.php')
CRITICAL - 2025-07-27 16:28:17 --> ErrorException: Undefined property: CodeIgniter\HTTP\IncomingRequest::$user_id
[Method: GET, Route: api/investments/list]
in APPPATH\Controllers\Users\InvestmentController.php on line 11.
 1 APPPATH\Controllers\Users\InvestmentController.php(11): CodeIgniter\Debug\Exceptions->errorHandler(2, 'Undefined property: CodeIgniter\\HTTP\\IncomingRequest::$user_id', 'D:\\investissement\\Projet Invest\\backend\\app\\Controllers\\Users\\InvestmentController.php', 11)
 2 SYSTEMPATH\CodeIgniter.php(933): App\Controllers\Users\InvestmentController->index()
 3 SYSTEMPATH\CodeIgniter.php(507): CodeIgniter\CodeIgniter->runController(Object(App\Controllers\Users\InvestmentController))
 4 SYSTEMPATH\CodeIgniter.php(354): CodeIgniter\CodeIgniter->handleRequest(null, Object(Config\Cache), false)
 5 SYSTEMPATH\Boot.php(334): CodeIgniter\CodeIgniter->run()
 6 SYSTEMPATH\Boot.php(67): CodeIgniter\Boot::runCodeIgniter(Object(CodeIgniter\CodeIgniter))
 7 FCPATH\index.php(59): CodeIgniter\Boot::bootWeb(Object(Config\Paths))
 8 SYSTEMPATH\rewrite.php(44): require_once('D:\\investissement\\Projet Invest\\backend\\public\\index.php')
CRITICAL - 2025-07-27 16:40:55 --> ErrorException: Undefined property: CodeIgniter\HTTP\IncomingRequest::$user_id
[Method: GET, Route: api/investments/list]
in APPPATH\Controllers\Users\InvestmentController.php on line 11.
 1 APPPATH\Controllers\Users\InvestmentController.php(11): CodeIgniter\Debug\Exceptions->errorHandler(2, 'Undefined property: CodeIgniter\\HTTP\\IncomingRequest::$user_id', 'D:\\investissement\\Projet Invest\\backend\\app\\Controllers\\Users\\InvestmentController.php', 11)
 2 SYSTEMPATH\CodeIgniter.php(933): App\Controllers\Users\InvestmentController->index()
 3 SYSTEMPATH\CodeIgniter.php(507): CodeIgniter\CodeIgniter->runController(Object(App\Controllers\Users\InvestmentController))
 4 SYSTEMPATH\CodeIgniter.php(354): CodeIgniter\CodeIgniter->handleRequest(null, Object(Config\Cache), false)
 5 SYSTEMPATH\Boot.php(334): CodeIgniter\CodeIgniter->run()
 6 SYSTEMPATH\Boot.php(67): CodeIgniter\Boot::runCodeIgniter(Object(CodeIgniter\CodeIgniter))
 7 FCPATH\index.php(59): CodeIgniter\Boot::bootWeb(Object(Config\Paths))
 8 SYSTEMPATH\rewrite.php(44): require_once('D:\\investissement\\Projet Invest\\backend\\public\\index.php')
CRITICAL - 2025-07-27 16:44:44 --> ErrorException: Undefined property: CodeIgniter\HTTP\IncomingRequest::$user_id
[Method: GET, Route: api/investments/list]
in APPPATH\Controllers\Users\InvestmentController.php on line 11.
 1 APPPATH\Controllers\Users\InvestmentController.php(11): CodeIgniter\Debug\Exceptions->errorHandler(2, 'Undefined property: CodeIgniter\\HTTP\\IncomingRequest::$user_id', 'D:\\investissement\\Projet Invest\\backend\\app\\Controllers\\Users\\InvestmentController.php', 11)
 2 SYSTEMPATH\CodeIgniter.php(933): App\Controllers\Users\InvestmentController->index()
 3 SYSTEMPATH\CodeIgniter.php(507): CodeIgniter\CodeIgniter->runController(Object(App\Controllers\Users\InvestmentController))
 4 SYSTEMPATH\CodeIgniter.php(354): CodeIgniter\CodeIgniter->handleRequest(null, Object(Config\Cache), false)
 5 SYSTEMPATH\Boot.php(334): CodeIgniter\CodeIgniter->run()
 6 SYSTEMPATH\Boot.php(67): CodeIgniter\Boot::runCodeIgniter(Object(CodeIgniter\CodeIgniter))
 7 FCPATH\index.php(59): CodeIgniter\Boot::bootWeb(Object(Config\Paths))
 8 SYSTEMPATH\rewrite.php(44): require_once('D:\\investissement\\Projet Invest\\backend\\public\\index.php')
CRITICAL - 2025-07-27 16:50:45 --> ErrorException: Undefined property: CodeIgniter\HTTP\IncomingRequest::$user_id
[Method: GET, Route: api/investments/list]
in APPPATH\Controllers\Users\InvestmentController.php on line 11.
 1 APPPATH\Controllers\Users\InvestmentController.php(11): CodeIgniter\Debug\Exceptions->errorHandler(2, 'Undefined property: CodeIgniter\\HTTP\\IncomingRequest::$user_id', 'D:\\investissement\\Projet Invest\\backend\\app\\Controllers\\Users\\InvestmentController.php', 11)
 2 SYSTEMPATH\CodeIgniter.php(933): App\Controllers\Users\InvestmentController->index()
 3 SYSTEMPATH\CodeIgniter.php(507): CodeIgniter\CodeIgniter->runController(Object(App\Controllers\Users\InvestmentController))
 4 SYSTEMPATH\CodeIgniter.php(354): CodeIgniter\CodeIgniter->handleRequest(null, Object(Config\Cache), false)
 5 SYSTEMPATH\Boot.php(334): CodeIgniter\CodeIgniter->run()
 6 SYSTEMPATH\Boot.php(67): CodeIgniter\Boot::runCodeIgniter(Object(CodeIgniter\CodeIgniter))
 7 FCPATH\index.php(59): CodeIgniter\Boot::bootWeb(Object(Config\Paths))
 8 SYSTEMPATH\rewrite.php(44): require_once('D:\\investissement\\Projet Invest\\backend\\public\\index.php')
CRITICAL - 2025-07-27 16:52:12 --> ErrorException: Undefined property: CodeIgniter\HTTP\IncomingRequest::$user_id
[Method: GET, Route: api/investments/list]
in APPPATH\Controllers\Users\InvestmentController.php on line 11.
 1 APPPATH\Controllers\Users\InvestmentController.php(11): CodeIgniter\Debug\Exceptions->errorHandler(2, 'Undefined property: CodeIgniter\\HTTP\\IncomingRequest::$user_id', 'D:\\investissement\\Projet Invest\\backend\\app\\Controllers\\Users\\InvestmentController.php', 11)
 2 SYSTEMPATH\CodeIgniter.php(933): App\Controllers\Users\InvestmentController->index()
 3 SYSTEMPATH\CodeIgniter.php(507): CodeIgniter\CodeIgniter->runController(Object(App\Controllers\Users\InvestmentController))
 4 SYSTEMPATH\CodeIgniter.php(354): CodeIgniter\CodeIgniter->handleRequest(null, Object(Config\Cache), false)
 5 SYSTEMPATH\Boot.php(334): CodeIgniter\CodeIgniter->run()
 6 SYSTEMPATH\Boot.php(67): CodeIgniter\Boot::runCodeIgniter(Object(CodeIgniter\CodeIgniter))
 7 FCPATH\index.php(59): CodeIgniter\Boot::bootWeb(Object(Config\Paths))
 8 SYSTEMPATH\rewrite.php(44): require_once('D:\\investissement\\Projet Invest\\backend\\public\\index.php')
CRITICAL - 2025-07-27 16:54:56 --> ErrorException: Undefined property: CodeIgniter\HTTP\IncomingRequest::$user_id
[Method: GET, Route: api/investments/list]
in APPPATH\Controllers\Users\InvestmentController.php on line 11.
 1 APPPATH\Controllers\Users\InvestmentController.php(11): CodeIgniter\Debug\Exceptions->errorHandler(2, 'Undefined property: CodeIgniter\\HTTP\\IncomingRequest::$user_id', 'D:\\investissement\\Projet Invest\\backend\\app\\Controllers\\Users\\InvestmentController.php', 11)
 2 SYSTEMPATH\CodeIgniter.php(933): App\Controllers\Users\InvestmentController->index()
 3 SYSTEMPATH\CodeIgniter.php(507): CodeIgniter\CodeIgniter->runController(Object(App\Controllers\Users\InvestmentController))
 4 SYSTEMPATH\CodeIgniter.php(354): CodeIgniter\CodeIgniter->handleRequest(null, Object(Config\Cache), false)
 5 SYSTEMPATH\Boot.php(334): CodeIgniter\CodeIgniter->run()
 6 SYSTEMPATH\Boot.php(67): CodeIgniter\Boot::runCodeIgniter(Object(CodeIgniter\CodeIgniter))
 7 FCPATH\index.php(59): CodeIgniter\Boot::bootWeb(Object(Config\Paths))
 8 SYSTEMPATH\rewrite.php(44): require_once('D:\\investissement\\Projet Invest\\backend\\public\\index.php')
CRITICAL - 2025-07-27 17:09:51 --> ErrorException: Undefined property: CodeIgniter\HTTP\IncomingRequest::$user_id
[Method: GET, Route: api/investments/list]
in APPPATH\Controllers\Users\InvestmentController.php on line 11.
 1 APPPATH\Controllers\Users\InvestmentController.php(11): CodeIgniter\Debug\Exceptions->errorHandler(2, 'Undefined property: CodeIgniter\\HTTP\\IncomingRequest::$user_id', 'D:\\investissement\\Projet Invest\\backend\\app\\Controllers\\Users\\InvestmentController.php', 11)
 2 SYSTEMPATH\CodeIgniter.php(933): App\Controllers\Users\InvestmentController->index()
 3 SYSTEMPATH\CodeIgniter.php(507): CodeIgniter\CodeIgniter->runController(Object(App\Controllers\Users\InvestmentController))
 4 SYSTEMPATH\CodeIgniter.php(354): CodeIgniter\CodeIgniter->handleRequest(null, Object(Config\Cache), false)
 5 SYSTEMPATH\Boot.php(334): CodeIgniter\CodeIgniter->run()
 6 SYSTEMPATH\Boot.php(67): CodeIgniter\Boot::runCodeIgniter(Object(CodeIgniter\CodeIgniter))
 7 FCPATH\index.php(59): CodeIgniter\Boot::bootWeb(Object(Config\Paths))
 8 SYSTEMPATH\rewrite.php(44): require_once('D:\\investissement\\Projet Invest\\backend\\public\\index.php')
CRITICAL - 2025-07-27 17:12:44 --> Error: Firebase\JWT\JWT::decode(): Argument #3 ($headers) cannot be passed by reference
[Method: GET, Route: api/users/edit/4]
in APPPATH\Controllers\Users\AuthController.php on line 135.
 1 SYSTEMPATH\CodeIgniter.php(933): App\Controllers\Users\AuthController->edit('4')
 2 SYSTEMPATH\CodeIgniter.php(507): CodeIgniter\CodeIgniter->runController(Object(App\Controllers\Users\AuthController))
 3 SYSTEMPATH\CodeIgniter.php(354): CodeIgniter\CodeIgniter->handleRequest(null, Object(Config\Cache), false)
 4 SYSTEMPATH\Boot.php(334): CodeIgniter\CodeIgniter->run()
 5 SYSTEMPATH\Boot.php(67): CodeIgniter\Boot::runCodeIgniter(Object(CodeIgniter\CodeIgniter))
 6 FCPATH\index.php(59): CodeIgniter\Boot::bootWeb(Object(Config\Paths))
 7 SYSTEMPATH\rewrite.php(44): require_once('D:\\investissement\\Projet Invest\\backend\\public\\index.php')
CRITICAL - 2025-07-27 17:13:12 --> Error: Firebase\JWT\JWT::decode(): Argument #3 ($headers) cannot be passed by reference
[Method: GET, Route: api/users/edit/4]
in APPPATH\Controllers\Users\AuthController.php on line 135.
 1 SYSTEMPATH\CodeIgniter.php(933): App\Controllers\Users\AuthController->edit('4')
 2 SYSTEMPATH\CodeIgniter.php(507): CodeIgniter\CodeIgniter->runController(Object(App\Controllers\Users\AuthController))
 3 SYSTEMPATH\CodeIgniter.php(354): CodeIgniter\CodeIgniter->handleRequest(null, Object(Config\Cache), false)
 4 SYSTEMPATH\Boot.php(334): CodeIgniter\CodeIgniter->run()
 5 SYSTEMPATH\Boot.php(67): CodeIgniter\Boot::runCodeIgniter(Object(CodeIgniter\CodeIgniter))
 6 FCPATH\index.php(59): CodeIgniter\Boot::bootWeb(Object(Config\Paths))
 7 SYSTEMPATH\rewrite.php(44): require_once('D:\\investissement\\Projet Invest\\backend\\public\\index.php')
CRITICAL - 2025-07-27 17:13:23 --> Error: Firebase\JWT\JWT::decode(): Argument #3 ($headers) cannot be passed by reference
[Method: GET, Route: api/users/edit/4]
in APPPATH\Controllers\Users\AuthController.php on line 135.
 1 SYSTEMPATH\CodeIgniter.php(933): App\Controllers\Users\AuthController->edit('4')
 2 SYSTEMPATH\CodeIgniter.php(507): CodeIgniter\CodeIgniter->runController(Object(App\Controllers\Users\AuthController))
 3 SYSTEMPATH\CodeIgniter.php(354): CodeIgniter\CodeIgniter->handleRequest(null, Object(Config\Cache), false)
 4 SYSTEMPATH\Boot.php(334): CodeIgniter\CodeIgniter->run()
 5 SYSTEMPATH\Boot.php(67): CodeIgniter\Boot::runCodeIgniter(Object(CodeIgniter\CodeIgniter))
 6 FCPATH\index.php(59): CodeIgniter\Boot::bootWeb(Object(Config\Paths))
 7 SYSTEMPATH\rewrite.php(44): require_once('D:\\investissement\\Projet Invest\\backend\\public\\index.php')
CRITICAL - 2025-07-27 17:15:05 --> ErrorException: Undefined property: CodeIgniter\HTTP\IncomingRequest::$user_id
[Method: GET, Route: api/investments/list]
in APPPATH\Controllers\Users\InvestmentController.php on line 11.
 1 APPPATH\Controllers\Users\InvestmentController.php(11): CodeIgniter\Debug\Exceptions->errorHandler(2, 'Undefined property: CodeIgniter\\HTTP\\IncomingRequest::$user_id', 'D:\\investissement\\Projet Invest\\backend\\app\\Controllers\\Users\\InvestmentController.php', 11)
 2 SYSTEMPATH\CodeIgniter.php(933): App\Controllers\Users\InvestmentController->index()
 3 SYSTEMPATH\CodeIgniter.php(507): CodeIgniter\CodeIgniter->runController(Object(App\Controllers\Users\InvestmentController))
 4 SYSTEMPATH\CodeIgniter.php(354): CodeIgniter\CodeIgniter->handleRequest(null, Object(Config\Cache), false)
 5 SYSTEMPATH\Boot.php(334): CodeIgniter\CodeIgniter->run()
 6 SYSTEMPATH\Boot.php(67): CodeIgniter\Boot::runCodeIgniter(Object(CodeIgniter\CodeIgniter))
 7 FCPATH\index.php(59): CodeIgniter\Boot::bootWeb(Object(Config\Paths))
 8 SYSTEMPATH\rewrite.php(44): require_once('D:\\investissement\\Projet Invest\\backend\\public\\index.php')
CRITICAL - 2025-07-27 17:15:08 --> Error: Firebase\JWT\JWT::decode(): Argument #3 ($headers) cannot be passed by reference
[Method: GET, Route: api/users/edit/4]
in APPPATH\Controllers\Users\AuthController.php on line 135.
 1 SYSTEMPATH\CodeIgniter.php(933): App\Controllers\Users\AuthController->edit('4')
 2 SYSTEMPATH\CodeIgniter.php(507): CodeIgniter\CodeIgniter->runController(Object(App\Controllers\Users\AuthController))
 3 SYSTEMPATH\CodeIgniter.php(354): CodeIgniter\CodeIgniter->handleRequest(null, Object(Config\Cache), false)
 4 SYSTEMPATH\Boot.php(334): CodeIgniter\CodeIgniter->run()
 5 SYSTEMPATH\Boot.php(67): CodeIgniter\Boot::runCodeIgniter(Object(CodeIgniter\CodeIgniter))
 6 FCPATH\index.php(59): CodeIgniter\Boot::bootWeb(Object(Config\Paths))
 7 SYSTEMPATH\rewrite.php(44): require_once('D:\\investissement\\Projet Invest\\backend\\public\\index.php')
CRITICAL - 2025-07-27 17:15:56 --> Error: Firebase\JWT\JWT::decode(): Argument #3 ($headers) cannot be passed by reference
[Method: GET, Route: api/users/edit/4]
in APPPATH\Controllers\Users\AuthController.php on line 135.
 1 SYSTEMPATH\CodeIgniter.php(933): App\Controllers\Users\AuthController->edit('4')
 2 SYSTEMPATH\CodeIgniter.php(507): CodeIgniter\CodeIgniter->runController(Object(App\Controllers\Users\AuthController))
 3 SYSTEMPATH\CodeIgniter.php(354): CodeIgniter\CodeIgniter->handleRequest(null, Object(Config\Cache), false)
 4 SYSTEMPATH\Boot.php(334): CodeIgniter\CodeIgniter->run()
 5 SYSTEMPATH\Boot.php(67): CodeIgniter\Boot::runCodeIgniter(Object(CodeIgniter\CodeIgniter))
 6 FCPATH\index.php(59): CodeIgniter\Boot::bootWeb(Object(Config\Paths))
 7 SYSTEMPATH\rewrite.php(44): require_once('D:\\investissement\\Projet Invest\\backend\\public\\index.php')
CRITICAL - 2025-07-27 17:15:56 --> Error: Firebase\JWT\JWT::decode(): Argument #3 ($headers) cannot be passed by reference
[Method: GET, Route: api/users/edit/4]
in APPPATH\Controllers\Users\AuthController.php on line 135.
 1 SYSTEMPATH\CodeIgniter.php(933): App\Controllers\Users\AuthController->edit('4')
 2 SYSTEMPATH\CodeIgniter.php(507): CodeIgniter\CodeIgniter->runController(Object(App\Controllers\Users\AuthController))
 3 SYSTEMPATH\CodeIgniter.php(354): CodeIgniter\CodeIgniter->handleRequest(null, Object(Config\Cache), false)
 4 SYSTEMPATH\Boot.php(334): CodeIgniter\CodeIgniter->run()
 5 SYSTEMPATH\Boot.php(67): CodeIgniter\Boot::runCodeIgniter(Object(CodeIgniter\CodeIgniter))
 6 FCPATH\index.php(59): CodeIgniter\Boot::bootWeb(Object(Config\Paths))
 7 SYSTEMPATH\rewrite.php(44): require_once('D:\\investissement\\Projet Invest\\backend\\public\\index.php')
CRITICAL - 2025-07-27 17:16:16 --> Error: Firebase\JWT\JWT::decode(): Argument #3 ($headers) cannot be passed by reference
[Method: GET, Route: api/users/edit/4]
in APPPATH\Controllers\Users\AuthController.php on line 135.
 1 SYSTEMPATH\CodeIgniter.php(933): App\Controllers\Users\AuthController->edit('4')
 2 SYSTEMPATH\CodeIgniter.php(507): CodeIgniter\CodeIgniter->runController(Object(App\Controllers\Users\AuthController))
 3 SYSTEMPATH\CodeIgniter.php(354): CodeIgniter\CodeIgniter->handleRequest(null, Object(Config\Cache), false)
 4 SYSTEMPATH\Boot.php(334): CodeIgniter\CodeIgniter->run()
 5 SYSTEMPATH\Boot.php(67): CodeIgniter\Boot::runCodeIgniter(Object(CodeIgniter\CodeIgniter))
 6 FCPATH\index.php(59): CodeIgniter\Boot::bootWeb(Object(Config\Paths))
 7 SYSTEMPATH\rewrite.php(44): require_once('D:\\investissement\\Projet Invest\\backend\\public\\index.php')
CRITICAL - 2025-07-27 17:22:39 --> ErrorException: Undefined property: CodeIgniter\HTTP\IncomingRequest::$user_id
[Method: GET, Route: api/investments/list]
in APPPATH\Controllers\Users\InvestmentController.php on line 11.
 1 APPPATH\Controllers\Users\InvestmentController.php(11): CodeIgniter\Debug\Exceptions->errorHandler(2, 'Undefined property: CodeIgniter\\HTTP\\IncomingRequest::$user_id', 'D:\\investissement\\Projet Invest\\backend\\app\\Controllers\\Users\\InvestmentController.php', 11)
 2 SYSTEMPATH\CodeIgniter.php(933): App\Controllers\Users\InvestmentController->index()
 3 SYSTEMPATH\CodeIgniter.php(507): CodeIgniter\CodeIgniter->runController(Object(App\Controllers\Users\InvestmentController))
 4 SYSTEMPATH\CodeIgniter.php(354): CodeIgniter\CodeIgniter->handleRequest(null, Object(Config\Cache), false)
 5 SYSTEMPATH\Boot.php(334): CodeIgniter\CodeIgniter->run()
 6 SYSTEMPATH\Boot.php(67): CodeIgniter\Boot::runCodeIgniter(Object(CodeIgniter\CodeIgniter))
 7 FCPATH\index.php(59): CodeIgniter\Boot::bootWeb(Object(Config\Paths))
 8 SYSTEMPATH\rewrite.php(44): require_once('D:\\investissement\\Projet Invest\\backend\\public\\index.php')
CRITICAL - 2025-07-27 17:22:42 --> Error: Firebase\JWT\JWT::decode(): Argument #3 ($headers) cannot be passed by reference
[Method: GET, Route: api/users/edit/4]
in APPPATH\Controllers\Users\AuthController.php on line 135.
 1 SYSTEMPATH\CodeIgniter.php(933): App\Controllers\Users\AuthController->edit('4')
 2 SYSTEMPATH\CodeIgniter.php(507): CodeIgniter\CodeIgniter->runController(Object(App\Controllers\Users\AuthController))
 3 SYSTEMPATH\CodeIgniter.php(354): CodeIgniter\CodeIgniter->handleRequest(null, Object(Config\Cache), false)
 4 SYSTEMPATH\Boot.php(334): CodeIgniter\CodeIgniter->run()
 5 SYSTEMPATH\Boot.php(67): CodeIgniter\Boot::runCodeIgniter(Object(CodeIgniter\CodeIgniter))
 6 FCPATH\index.php(59): CodeIgniter\Boot::bootWeb(Object(Config\Paths))
 7 SYSTEMPATH\rewrite.php(44): require_once('D:\\investissement\\Projet Invest\\backend\\public\\index.php')
