CRITICAL - 2025-08-09 17:23:56 --> ErrorException: Undefined property: CodeIgniter\HTTP\IncomingRequest::$user_id
[Method: GET, Route: api/investments/list]
in APPPATH\Controllers\Users\InvestmentController.php on line 11.
 1 APPPATH\Controllers\Users\InvestmentController.php(11): CodeIgniter\Debug\Exceptions->errorHandler(2, 'Undefined property: CodeIgniter\\HTTP\\IncomingRequest::$user_id', 'D:\\investissement\\Projet Invest\\backend\\app\\Controllers\\Users\\InvestmentController.php', 11)
 2 SYSTEMPATH\CodeIgniter.php(933): App\Controllers\Users\InvestmentController->index()
 3 SYSTEMPATH\CodeIgniter.php(507): CodeIgniter\CodeIgniter->runController(Object(App\Controllers\Users\InvestmentController))
 4 SYSTEMPATH\CodeIgniter.php(354): CodeIgniter\CodeIgniter->handleRequest(null, Object(Config\Cache), false)
 5 SYSTEMPATH\Boot.php(334): CodeIgniter\CodeIgniter->run()
 6 SYSTEMPATH\Boot.php(67): CodeIgniter\Boot::runCodeIgniter(Object(CodeIgniter\CodeIgniter))
 7 FCPATH\index.php(59): CodeIgniter\Boot::bootWeb(Object(Config\Paths))
 8 SYSTEMPATH\rewrite.php(44): require_once('D:\\investissement\\Projet Invest\\backend\\public\\index.php')
CRITICAL - 2025-08-09 17:24:14 --> ErrorException: Undefined property: CodeIgniter\HTTP\IncomingRequest::$user_id
[Method: GET, Route: api/investments/list]
in APPPATH\Controllers\Users\InvestmentController.php on line 11.
 1 APPPATH\Controllers\Users\InvestmentController.php(11): CodeIgniter\Debug\Exceptions->errorHandler(2, 'Undefined property: CodeIgniter\\HTTP\\IncomingRequest::$user_id', 'D:\\investissement\\Projet Invest\\backend\\app\\Controllers\\Users\\InvestmentController.php', 11)
 2 SYSTEMPATH\CodeIgniter.php(933): App\Controllers\Users\InvestmentController->index()
 3 SYSTEMPATH\CodeIgniter.php(507): CodeIgniter\CodeIgniter->runController(Object(App\Controllers\Users\InvestmentController))
 4 SYSTEMPATH\CodeIgniter.php(354): CodeIgniter\CodeIgniter->handleRequest(null, Object(Config\Cache), false)
 5 SYSTEMPATH\Boot.php(334): CodeIgniter\CodeIgniter->run()
 6 SYSTEMPATH\Boot.php(67): CodeIgniter\Boot::runCodeIgniter(Object(CodeIgniter\CodeIgniter))
 7 FCPATH\index.php(59): CodeIgniter\Boot::bootWeb(Object(Config\Paths))
 8 SYSTEMPATH\rewrite.php(44): require_once('D:\\investissement\\Projet Invest\\backend\\public\\index.php')
CRITICAL - 2025-08-09 17:28:39 --> ErrorException: Undefined property: CodeIgniter\HTTP\IncomingRequest::$user_id
[Method: GET, Route: api/investments/list]
in APPPATH\Controllers\Users\InvestmentController.php on line 11.
 1 APPPATH\Controllers\Users\InvestmentController.php(11): CodeIgniter\Debug\Exceptions->errorHandler(2, 'Undefined property: CodeIgniter\\HTTP\\IncomingRequest::$user_id', 'D:\\investissement\\Projet Invest\\backend\\app\\Controllers\\Users\\InvestmentController.php', 11)
 2 SYSTEMPATH\CodeIgniter.php(933): App\Controllers\Users\InvestmentController->index()
 3 SYSTEMPATH\CodeIgniter.php(507): CodeIgniter\CodeIgniter->runController(Object(App\Controllers\Users\InvestmentController))
 4 SYSTEMPATH\CodeIgniter.php(354): CodeIgniter\CodeIgniter->handleRequest(null, Object(Config\Cache), false)
 5 SYSTEMPATH\Boot.php(334): CodeIgniter\CodeIgniter->run()
 6 SYSTEMPATH\Boot.php(67): CodeIgniter\Boot::runCodeIgniter(Object(CodeIgniter\CodeIgniter))
 7 FCPATH\index.php(59): CodeIgniter\Boot::bootWeb(Object(Config\Paths))
 8 SYSTEMPATH\rewrite.php(44): require_once('D:\\investissement\\Projet Invest\\backend\\public\\index.php')
WARNING - 2025-08-09 17:28:39 --> [DEPRECATED] Creation of dynamic property CodeIgniter\HTTP\IncomingRequest::$user_id is deprecated in APPPATH\Filters\JwtAuth.php on line 36.
 1 SYSTEMPATH\Filters\Filters.php(241): App\Filters\JwtAuth->before(Object(CodeIgniter\HTTP\IncomingRequest), null)
 2 SYSTEMPATH\Filters\Filters.php(221): CodeIgniter\Filters\Filters->runBefore([...])
 3 SYSTEMPATH\CodeIgniter.php(479): CodeIgniter\Filters\Filters->run('api/wallets/show', 'before')
 4 SYSTEMPATH\CodeIgniter.php(354): CodeIgniter\CodeIgniter->handleRequest(null, Object(Config\Cache), false)
 5 SYSTEMPATH\Boot.php(334): CodeIgniter\CodeIgniter->run()
 6 SYSTEMPATH\Boot.php(67): CodeIgniter\Boot::runCodeIgniter(Object(CodeIgniter\CodeIgniter))
 7 FCPATH\index.php(59): CodeIgniter\Boot::bootWeb(Object(Config\Paths))
 8 SYSTEMPATH\rewrite.php(44): require_once('D:\\investissement\\Projet Invest\\backend\\public\\index.php')
WARNING - 2025-08-09 17:28:39 --> [DEPRECATED] Creation of dynamic property CodeIgniter\HTTP\IncomingRequest::$decoded_token is deprecated in APPPATH\Filters\JwtAuth.php on line 37.
 1 SYSTEMPATH\Filters\Filters.php(241): App\Filters\JwtAuth->before(Object(CodeIgniter\HTTP\IncomingRequest), null)
 2 SYSTEMPATH\Filters\Filters.php(221): CodeIgniter\Filters\Filters->runBefore([...])
 3 SYSTEMPATH\CodeIgniter.php(479): CodeIgniter\Filters\Filters->run('api/wallets/show', 'before')
 4 SYSTEMPATH\CodeIgniter.php(354): CodeIgniter\CodeIgniter->handleRequest(null, Object(Config\Cache), false)
 5 SYSTEMPATH\Boot.php(334): CodeIgniter\CodeIgniter->run()
 6 SYSTEMPATH\Boot.php(67): CodeIgniter\Boot::runCodeIgniter(Object(CodeIgniter\CodeIgniter))
 7 FCPATH\index.php(59): CodeIgniter\Boot::bootWeb(Object(Config\Paths))
 8 SYSTEMPATH\rewrite.php(44): require_once('D:\\investissement\\Projet Invest\\backend\\public\\index.php')
WARNING - 2025-08-09 17:28:43 --> [DEPRECATED] Creation of dynamic property CodeIgniter\HTTP\IncomingRequest::$user_id is deprecated in APPPATH\Filters\JwtAuth.php on line 36.
 1 SYSTEMPATH\Filters\Filters.php(241): App\Filters\JwtAuth->before(Object(CodeIgniter\HTTP\IncomingRequest), null)
 2 SYSTEMPATH\Filters\Filters.php(221): CodeIgniter\Filters\Filters->runBefore([...])
 3 SYSTEMPATH\CodeIgniter.php(479): CodeIgniter\Filters\Filters->run('api/users/edit/13', 'before')
 4 SYSTEMPATH\CodeIgniter.php(354): CodeIgniter\CodeIgniter->handleRequest(null, Object(Config\Cache), false)
 5 SYSTEMPATH\Boot.php(334): CodeIgniter\CodeIgniter->run()
 6 SYSTEMPATH\Boot.php(67): CodeIgniter\Boot::runCodeIgniter(Object(CodeIgniter\CodeIgniter))
 7 FCPATH\index.php(59): CodeIgniter\Boot::bootWeb(Object(Config\Paths))
 8 SYSTEMPATH\rewrite.php(44): require_once('D:\\investissement\\Projet Invest\\backend\\public\\index.php')
WARNING - 2025-08-09 17:28:43 --> [DEPRECATED] Creation of dynamic property CodeIgniter\HTTP\IncomingRequest::$decoded_token is deprecated in APPPATH\Filters\JwtAuth.php on line 37.
 1 SYSTEMPATH\Filters\Filters.php(241): App\Filters\JwtAuth->before(Object(CodeIgniter\HTTP\IncomingRequest), null)
 2 SYSTEMPATH\Filters\Filters.php(221): CodeIgniter\Filters\Filters->runBefore([...])
 3 SYSTEMPATH\CodeIgniter.php(479): CodeIgniter\Filters\Filters->run('api/users/edit/13', 'before')
 4 SYSTEMPATH\CodeIgniter.php(354): CodeIgniter\CodeIgniter->handleRequest(null, Object(Config\Cache), false)
 5 SYSTEMPATH\Boot.php(334): CodeIgniter\CodeIgniter->run()
 6 SYSTEMPATH\Boot.php(67): CodeIgniter\Boot::runCodeIgniter(Object(CodeIgniter\CodeIgniter))
 7 FCPATH\index.php(59): CodeIgniter\Boot::bootWeb(Object(Config\Paths))
 8 SYSTEMPATH\rewrite.php(44): require_once('D:\\investissement\\Projet Invest\\backend\\public\\index.php')
CRITICAL - 2025-08-09 17:30:26 --> ErrorException: Undefined property: CodeIgniter\HTTP\IncomingRequest::$user_id
[Method: GET, Route: api/investments/list]
in APPPATH\Controllers\Users\InvestmentController.php on line 11.
 1 APPPATH\Controllers\Users\InvestmentController.php(11): CodeIgniter\Debug\Exceptions->errorHandler(2, 'Undefined property: CodeIgniter\\HTTP\\IncomingRequest::$user_id', 'D:\\investissement\\Projet Invest\\backend\\app\\Controllers\\Users\\InvestmentController.php', 11)
 2 SYSTEMPATH\CodeIgniter.php(933): App\Controllers\Users\InvestmentController->index()
 3 SYSTEMPATH\CodeIgniter.php(507): CodeIgniter\CodeIgniter->runController(Object(App\Controllers\Users\InvestmentController))
 4 SYSTEMPATH\CodeIgniter.php(354): CodeIgniter\CodeIgniter->handleRequest(null, Object(Config\Cache), false)
 5 SYSTEMPATH\Boot.php(334): CodeIgniter\CodeIgniter->run()
 6 SYSTEMPATH\Boot.php(67): CodeIgniter\Boot::runCodeIgniter(Object(CodeIgniter\CodeIgniter))
 7 FCPATH\index.php(59): CodeIgniter\Boot::bootWeb(Object(Config\Paths))
 8 SYSTEMPATH\rewrite.php(44): require_once('D:\\investissement\\Projet Invest\\backend\\public\\index.php')
WARNING - 2025-08-09 17:37:12 --> [DEPRECATED] Creation of dynamic property CodeIgniter\HTTP\IncomingRequest::$user_id is deprecated in APPPATH\Filters\JwtAuth.php on line 36.
 1 SYSTEMPATH\Filters\Filters.php(241): App\Filters\JwtAuth->before(Object(CodeIgniter\HTTP\IncomingRequest), null)
 2 SYSTEMPATH\Filters\Filters.php(221): CodeIgniter\Filters\Filters->runBefore([...])
 3 SYSTEMPATH\CodeIgniter.php(479): CodeIgniter\Filters\Filters->run('api/wallets/show', 'before')
 4 SYSTEMPATH\CodeIgniter.php(354): CodeIgniter\CodeIgniter->handleRequest(null, Object(Config\Cache), false)
 5 SYSTEMPATH\Boot.php(334): CodeIgniter\CodeIgniter->run()
 6 SYSTEMPATH\Boot.php(67): CodeIgniter\Boot::runCodeIgniter(Object(CodeIgniter\CodeIgniter))
 7 FCPATH\index.php(59): CodeIgniter\Boot::bootWeb(Object(Config\Paths))
 8 SYSTEMPATH\rewrite.php(44): require_once('D:\\investissement\\Projet Invest\\backend\\public\\index.php')
WARNING - 2025-08-09 17:37:12 --> [DEPRECATED] Creation of dynamic property CodeIgniter\HTTP\IncomingRequest::$decoded_token is deprecated in APPPATH\Filters\JwtAuth.php on line 37.
 1 SYSTEMPATH\Filters\Filters.php(241): App\Filters\JwtAuth->before(Object(CodeIgniter\HTTP\IncomingRequest), null)
 2 SYSTEMPATH\Filters\Filters.php(221): CodeIgniter\Filters\Filters->runBefore([...])
 3 SYSTEMPATH\CodeIgniter.php(479): CodeIgniter\Filters\Filters->run('api/wallets/show', 'before')
 4 SYSTEMPATH\CodeIgniter.php(354): CodeIgniter\CodeIgniter->handleRequest(null, Object(Config\Cache), false)
 5 SYSTEMPATH\Boot.php(334): CodeIgniter\CodeIgniter->run()
 6 SYSTEMPATH\Boot.php(67): CodeIgniter\Boot::runCodeIgniter(Object(CodeIgniter\CodeIgniter))
 7 FCPATH\index.php(59): CodeIgniter\Boot::bootWeb(Object(Config\Paths))
 8 SYSTEMPATH\rewrite.php(44): require_once('D:\\investissement\\Projet Invest\\backend\\public\\index.php')
CRITICAL - 2025-08-09 17:37:12 --> ErrorException: Undefined property: CodeIgniter\HTTP\IncomingRequest::$user_id
[Method: GET, Route: api/investments/list]
in APPPATH\Controllers\Users\InvestmentController.php on line 11.
 1 APPPATH\Controllers\Users\InvestmentController.php(11): CodeIgniter\Debug\Exceptions->errorHandler(2, 'Undefined property: CodeIgniter\\HTTP\\IncomingRequest::$user_id', 'D:\\investissement\\Projet Invest\\backend\\app\\Controllers\\Users\\InvestmentController.php', 11)
 2 SYSTEMPATH\CodeIgniter.php(933): App\Controllers\Users\InvestmentController->index()
 3 SYSTEMPATH\CodeIgniter.php(507): CodeIgniter\CodeIgniter->runController(Object(App\Controllers\Users\InvestmentController))
 4 SYSTEMPATH\CodeIgniter.php(354): CodeIgniter\CodeIgniter->handleRequest(null, Object(Config\Cache), false)
 5 SYSTEMPATH\Boot.php(334): CodeIgniter\CodeIgniter->run()
 6 SYSTEMPATH\Boot.php(67): CodeIgniter\Boot::runCodeIgniter(Object(CodeIgniter\CodeIgniter))
 7 FCPATH\index.php(59): CodeIgniter\Boot::bootWeb(Object(Config\Paths))
 8 SYSTEMPATH\rewrite.php(44): require_once('D:\\investissement\\Projet Invest\\backend\\public\\index.php')
CRITICAL - 2025-08-09 17:37:20 --> ErrorException: Undefined property: CodeIgniter\HTTP\IncomingRequest::$user_id
[Method: GET, Route: api/investments/list]
in APPPATH\Controllers\Users\InvestmentController.php on line 11.
 1 APPPATH\Controllers\Users\InvestmentController.php(11): CodeIgniter\Debug\Exceptions->errorHandler(2, 'Undefined property: CodeIgniter\\HTTP\\IncomingRequest::$user_id', 'D:\\investissement\\Projet Invest\\backend\\app\\Controllers\\Users\\InvestmentController.php', 11)
 2 SYSTEMPATH\CodeIgniter.php(933): App\Controllers\Users\InvestmentController->index()
 3 SYSTEMPATH\CodeIgniter.php(507): CodeIgniter\CodeIgniter->runController(Object(App\Controllers\Users\InvestmentController))
 4 SYSTEMPATH\CodeIgniter.php(354): CodeIgniter\CodeIgniter->handleRequest(null, Object(Config\Cache), false)
 5 SYSTEMPATH\Boot.php(334): CodeIgniter\CodeIgniter->run()
 6 SYSTEMPATH\Boot.php(67): CodeIgniter\Boot::runCodeIgniter(Object(CodeIgniter\CodeIgniter))
 7 FCPATH\index.php(59): CodeIgniter\Boot::bootWeb(Object(Config\Paths))
 8 SYSTEMPATH\rewrite.php(44): require_once('D:\\investissement\\Projet Invest\\backend\\public\\index.php')
WARNING - 2025-08-09 17:38:14 --> [DEPRECATED] Creation of dynamic property CodeIgniter\HTTP\IncomingRequest::$user_id is deprecated in APPPATH\Filters\JwtAuth.php on line 36.
 1 SYSTEMPATH\Filters\Filters.php(241): App\Filters\JwtAuth->before(Object(CodeIgniter\HTTP\IncomingRequest), null)
 2 SYSTEMPATH\Filters\Filters.php(221): CodeIgniter\Filters\Filters->runBefore([...])
 3 SYSTEMPATH\CodeIgniter.php(479): CodeIgniter\Filters\Filters->run('api/wallets/show', 'before')
 4 SYSTEMPATH\CodeIgniter.php(354): CodeIgniter\CodeIgniter->handleRequest(null, Object(Config\Cache), false)
 5 SYSTEMPATH\Boot.php(334): CodeIgniter\CodeIgniter->run()
 6 SYSTEMPATH\Boot.php(67): CodeIgniter\Boot::runCodeIgniter(Object(CodeIgniter\CodeIgniter))
 7 FCPATH\index.php(59): CodeIgniter\Boot::bootWeb(Object(Config\Paths))
 8 SYSTEMPATH\rewrite.php(44): require_once('D:\\investissement\\Projet Invest\\backend\\public\\index.php')
WARNING - 2025-08-09 17:38:14 --> [DEPRECATED] Creation of dynamic property CodeIgniter\HTTP\IncomingRequest::$decoded_token is deprecated in APPPATH\Filters\JwtAuth.php on line 37.
 1 SYSTEMPATH\Filters\Filters.php(241): App\Filters\JwtAuth->before(Object(CodeIgniter\HTTP\IncomingRequest), null)
 2 SYSTEMPATH\Filters\Filters.php(221): CodeIgniter\Filters\Filters->runBefore([...])
 3 SYSTEMPATH\CodeIgniter.php(479): CodeIgniter\Filters\Filters->run('api/wallets/show', 'before')
 4 SYSTEMPATH\CodeIgniter.php(354): CodeIgniter\CodeIgniter->handleRequest(null, Object(Config\Cache), false)
 5 SYSTEMPATH\Boot.php(334): CodeIgniter\CodeIgniter->run()
 6 SYSTEMPATH\Boot.php(67): CodeIgniter\Boot::runCodeIgniter(Object(CodeIgniter\CodeIgniter))
 7 FCPATH\index.php(59): CodeIgniter\Boot::bootWeb(Object(Config\Paths))
 8 SYSTEMPATH\rewrite.php(44): require_once('D:\\investissement\\Projet Invest\\backend\\public\\index.php')
CRITICAL - 2025-08-09 17:38:15 --> ErrorException: Undefined property: CodeIgniter\HTTP\IncomingRequest::$user_id
[Method: GET, Route: api/investments/list]
in APPPATH\Controllers\Users\InvestmentController.php on line 11.
 1 APPPATH\Controllers\Users\InvestmentController.php(11): CodeIgniter\Debug\Exceptions->errorHandler(2, 'Undefined property: CodeIgniter\\HTTP\\IncomingRequest::$user_id', 'D:\\investissement\\Projet Invest\\backend\\app\\Controllers\\Users\\InvestmentController.php', 11)
 2 SYSTEMPATH\CodeIgniter.php(933): App\Controllers\Users\InvestmentController->index()
 3 SYSTEMPATH\CodeIgniter.php(507): CodeIgniter\CodeIgniter->runController(Object(App\Controllers\Users\InvestmentController))
 4 SYSTEMPATH\CodeIgniter.php(354): CodeIgniter\CodeIgniter->handleRequest(null, Object(Config\Cache), false)
 5 SYSTEMPATH\Boot.php(334): CodeIgniter\CodeIgniter->run()
 6 SYSTEMPATH\Boot.php(67): CodeIgniter\Boot::runCodeIgniter(Object(CodeIgniter\CodeIgniter))
 7 FCPATH\index.php(59): CodeIgniter\Boot::bootWeb(Object(Config\Paths))
 8 SYSTEMPATH\rewrite.php(44): require_once('D:\\investissement\\Projet Invest\\backend\\public\\index.php')
CRITICAL - 2025-08-09 17:38:44 --> ErrorException: Undefined property: CodeIgniter\HTTP\IncomingRequest::$user_id
[Method: GET, Route: api/investments/list]
in APPPATH\Controllers\Users\InvestmentController.php on line 11.
 1 APPPATH\Controllers\Users\InvestmentController.php(11): CodeIgniter\Debug\Exceptions->errorHandler(2, 'Undefined property: CodeIgniter\\HTTP\\IncomingRequest::$user_id', 'D:\\investissement\\Projet Invest\\backend\\app\\Controllers\\Users\\InvestmentController.php', 11)
 2 SYSTEMPATH\CodeIgniter.php(933): App\Controllers\Users\InvestmentController->index()
 3 SYSTEMPATH\CodeIgniter.php(507): CodeIgniter\CodeIgniter->runController(Object(App\Controllers\Users\InvestmentController))
 4 SYSTEMPATH\CodeIgniter.php(354): CodeIgniter\CodeIgniter->handleRequest(null, Object(Config\Cache), false)
 5 SYSTEMPATH\Boot.php(334): CodeIgniter\CodeIgniter->run()
 6 SYSTEMPATH\Boot.php(67): CodeIgniter\Boot::runCodeIgniter(Object(CodeIgniter\CodeIgniter))
 7 FCPATH\index.php(59): CodeIgniter\Boot::bootWeb(Object(Config\Paths))
 8 SYSTEMPATH\rewrite.php(44): require_once('D:\\investissement\\Projet Invest\\backend\\public\\index.php')
CRITICAL - 2025-08-09 17:39:26 --> ErrorException: Undefined property: CodeIgniter\HTTP\IncomingRequest::$user_id
[Method: GET, Route: api/investments/list]
in APPPATH\Controllers\Users\InvestmentController.php on line 11.
 1 APPPATH\Controllers\Users\InvestmentController.php(11): CodeIgniter\Debug\Exceptions->errorHandler(2, 'Undefined property: CodeIgniter\\HTTP\\IncomingRequest::$user_id', 'D:\\investissement\\Projet Invest\\backend\\app\\Controllers\\Users\\InvestmentController.php', 11)
 2 SYSTEMPATH\CodeIgniter.php(933): App\Controllers\Users\InvestmentController->index()
 3 SYSTEMPATH\CodeIgniter.php(507): CodeIgniter\CodeIgniter->runController(Object(App\Controllers\Users\InvestmentController))
 4 SYSTEMPATH\CodeIgniter.php(354): CodeIgniter\CodeIgniter->handleRequest(null, Object(Config\Cache), false)
 5 SYSTEMPATH\Boot.php(334): CodeIgniter\CodeIgniter->run()
 6 SYSTEMPATH\Boot.php(67): CodeIgniter\Boot::runCodeIgniter(Object(CodeIgniter\CodeIgniter))
 7 FCPATH\index.php(59): CodeIgniter\Boot::bootWeb(Object(Config\Paths))
 8 SYSTEMPATH\rewrite.php(44): require_once('D:\\investissement\\Projet Invest\\backend\\public\\index.php')
CRITICAL - 2025-08-09 17:39:41 --> ErrorException: Undefined property: CodeIgniter\HTTP\IncomingRequest::$user_id
[Method: GET, Route: api/investments/list]
in APPPATH\Controllers\Users\InvestmentController.php on line 11.
 1 APPPATH\Controllers\Users\InvestmentController.php(11): CodeIgniter\Debug\Exceptions->errorHandler(2, 'Undefined property: CodeIgniter\\HTTP\\IncomingRequest::$user_id', 'D:\\investissement\\Projet Invest\\backend\\app\\Controllers\\Users\\InvestmentController.php', 11)
 2 SYSTEMPATH\CodeIgniter.php(933): App\Controllers\Users\InvestmentController->index()
 3 SYSTEMPATH\CodeIgniter.php(507): CodeIgniter\CodeIgniter->runController(Object(App\Controllers\Users\InvestmentController))
 4 SYSTEMPATH\CodeIgniter.php(354): CodeIgniter\CodeIgniter->handleRequest(null, Object(Config\Cache), false)
 5 SYSTEMPATH\Boot.php(334): CodeIgniter\CodeIgniter->run()
 6 SYSTEMPATH\Boot.php(67): CodeIgniter\Boot::runCodeIgniter(Object(CodeIgniter\CodeIgniter))
 7 FCPATH\index.php(59): CodeIgniter\Boot::bootWeb(Object(Config\Paths))
 8 SYSTEMPATH\rewrite.php(44): require_once('D:\\investissement\\Projet Invest\\backend\\public\\index.php')
CRITICAL - 2025-08-09 17:53:49 --> ErrorException: Undefined property: CodeIgniter\HTTP\IncomingRequest::$user_id
[Method: GET, Route: api/investments/list]
in APPPATH\Controllers\Users\InvestmentController.php on line 11.
 1 APPPATH\Controllers\Users\InvestmentController.php(11): CodeIgniter\Debug\Exceptions->errorHandler(2, 'Undefined property: CodeIgniter\\HTTP\\IncomingRequest::$user_id', 'D:\\investissement\\Projet Invest\\backend\\app\\Controllers\\Users\\InvestmentController.php', 11)
 2 SYSTEMPATH\CodeIgniter.php(933): App\Controllers\Users\InvestmentController->index()
 3 SYSTEMPATH\CodeIgniter.php(507): CodeIgniter\CodeIgniter->runController(Object(App\Controllers\Users\InvestmentController))
 4 SYSTEMPATH\CodeIgniter.php(354): CodeIgniter\CodeIgniter->handleRequest(null, Object(Config\Cache), false)
 5 SYSTEMPATH\Boot.php(334): CodeIgniter\CodeIgniter->run()
 6 SYSTEMPATH\Boot.php(67): CodeIgniter\Boot::runCodeIgniter(Object(CodeIgniter\CodeIgniter))
 7 FCPATH\index.php(59): CodeIgniter\Boot::bootWeb(Object(Config\Paths))
 8 SYSTEMPATH\rewrite.php(44): require_once('D:\\investissement\\Projet Invest\\backend\\public\\index.php')
CRITICAL - 2025-08-09 17:55:17 --> ErrorException: Undefined property: CodeIgniter\HTTP\IncomingRequest::$user_id
[Method: GET, Route: api/investments/list]
in APPPATH\Controllers\Users\InvestmentController.php on line 11.
 1 APPPATH\Controllers\Users\InvestmentController.php(11): CodeIgniter\Debug\Exceptions->errorHandler(2, 'Undefined property: CodeIgniter\\HTTP\\IncomingRequest::$user_id', 'D:\\investissement\\Projet Invest\\backend\\app\\Controllers\\Users\\InvestmentController.php', 11)
 2 SYSTEMPATH\CodeIgniter.php(933): App\Controllers\Users\InvestmentController->index()
 3 SYSTEMPATH\CodeIgniter.php(507): CodeIgniter\CodeIgniter->runController(Object(App\Controllers\Users\InvestmentController))
 4 SYSTEMPATH\CodeIgniter.php(354): CodeIgniter\CodeIgniter->handleRequest(null, Object(Config\Cache), false)
 5 SYSTEMPATH\Boot.php(334): CodeIgniter\CodeIgniter->run()
 6 SYSTEMPATH\Boot.php(67): CodeIgniter\Boot::runCodeIgniter(Object(CodeIgniter\CodeIgniter))
 7 FCPATH\index.php(59): CodeIgniter\Boot::bootWeb(Object(Config\Paths))
 8 SYSTEMPATH\rewrite.php(44): require_once('D:\\investissement\\Projet Invest\\backend\\public\\index.php')
CRITICAL - 2025-08-09 17:55:20 --> ErrorException: Undefined property: CodeIgniter\HTTP\IncomingRequest::$user_id
[Method: GET, Route: api/investments/list]
in APPPATH\Controllers\Users\InvestmentController.php on line 11.
 1 APPPATH\Controllers\Users\InvestmentController.php(11): CodeIgniter\Debug\Exceptions->errorHandler(2, 'Undefined property: CodeIgniter\\HTTP\\IncomingRequest::$user_id', 'D:\\investissement\\Projet Invest\\backend\\app\\Controllers\\Users\\InvestmentController.php', 11)
 2 SYSTEMPATH\CodeIgniter.php(933): App\Controllers\Users\InvestmentController->index()
 3 SYSTEMPATH\CodeIgniter.php(507): CodeIgniter\CodeIgniter->runController(Object(App\Controllers\Users\InvestmentController))
 4 SYSTEMPATH\CodeIgniter.php(354): CodeIgniter\CodeIgniter->handleRequest(null, Object(Config\Cache), false)
 5 SYSTEMPATH\Boot.php(334): CodeIgniter\CodeIgniter->run()
 6 SYSTEMPATH\Boot.php(67): CodeIgniter\Boot::runCodeIgniter(Object(CodeIgniter\CodeIgniter))
 7 FCPATH\index.php(59): CodeIgniter\Boot::bootWeb(Object(Config\Paths))
 8 SYSTEMPATH\rewrite.php(44): require_once('D:\\investissement\\Projet Invest\\backend\\public\\index.php')
